<?xml version="1.0" encoding="UTF-8"?>
<testsuite xmlns:xsi="http://www.w3.org/2001/XMLSchema-instance" xsi:noNamespaceSchemaLocation="https://maven.apache.org/surefire/maven-surefire-plugin/xsd/surefire-test-report-3.0.xsd" version="3.0" name="com.gcu.Cst339MilestoneApplicationTests" time="7.259" tests="1" errors="0" skipped="0" failures="0">
  <properties>
[...]
</properties>
  <testcase name="contextLoads" classname="com.gcu.Cst339MilestoneApplicationTests" time="1.766">
    <system-out><![CDATA[02:11:27.610 [main] INFO org.springframework.test.context.support.AnnotationConfigContextLoaderUtils -- Could not detect default configuration classes for test class [com.gcu.Cst339MilestoneApplicationTests]: Cst339MilestoneApplicationTests does not declare any static, non-private, non-final, nested classes annotated with @Configuration.
02:11:27.774 [main] INFO org.springframework.boot.test.context.SpringBootTestContextBootstrapper -- Found @SpringBootConfiguration com.gcu.Cst339MilestoneApplication for test class com.gcu.Cst339MilestoneApplicationTests
02:11:28.095 [main] INFO org.springframework.boot.devtools.restart.RestartApplicationListener -- Restart disabled due to context in which it is running

  .   ____          _            __ _ _
 /\\ / ___'_ __ _ _(_)_ __  __ _ \ \ \ \
( ( )\___ | '_ | '_| | '_ \/ _` | \ \ \ \
 \\/  ___)| |_)| | | | | || (_| |  ) ) ) )
  '  |____| .__|_| |_|_| |_\__, | / / / /
 =========|_|==============|___/=/_/_/_/
 :: Spring Boot ::                (v3.1.5)

2023-12-04T02:11:28.579-05:00  INFO 57936 --- [           main] c.gcu.Cst339MilestoneApplicationTests    : Starting Cst339MilestoneApplicationTests using Java 17.0.8.1 with PID 57936 (started by hbece in C:\Users\hbece\git\CST-339-Milestone\cst-339_milestone)
2023-12-04T02:11:28.582-05:00  INFO 57936 --- [           main] c.gcu.Cst339MilestoneApplicationTests    : No active profile set, falling back to 1 default profile: "default"
2023-12-04T02:11:30.208-05:00  INFO 57936 --- [           main] .s.d.r.c.RepositoryConfigurationDelegate : Bootstrapping Spring Data JDBC repositories in DEFAULT mode.
2023-12-04T02:11:30.334-05:00  INFO 57936 --- [           main] .s.d.r.c.RepositoryConfigurationDelegate : Finished Spring Data repository scanning in 117 ms. Found 2 JDBC repository interfaces.
2023-12-04T02:11:31.023-05:00  INFO 57936 --- [           main] com.zaxxer.hikari.HikariDataSource       : HikariPool-1 - Starting...
2023-12-04T02:11:31.401-05:00  INFO 57936 --- [           main] com.zaxxer.hikari.pool.HikariPool        : HikariPool-1 - Added connection com.mysql.cj.jdbc.ConnectionImpl@43c7fe8a
2023-12-04T02:11:31.404-05:00  INFO 57936 --- [           main] com.zaxxer.hikari.HikariDataSource       : HikariPool-1 - Start completed.
2023-12-04T02:11:32.358-05:00  INFO 57936 --- [           main] o.s.b.a.w.s.WelcomePageHandlerMapping    : Adding welcome page template: index
2023-12-04T02:11:32.746-05:00  INFO 57936 --- [           main] c.gcu.Cst339MilestoneApplicationTests    : Started Cst339MilestoneApplicationTests in 4.673 seconds (process running for 6.669)
]]></system-out>
  </testcase>
</testsuite>